<?xml version="1.0" encoding="UTF-8"?>
<testsuite xmlns:xsi="http://www.w3.org/2001/XMLSchema-instance" xsi:noNamespaceSchemaLocation="https://maven.apache.org/surefire/maven-surefire-plugin/xsd/surefire-test-report.xsd" name="com.mycompany.app.PaintCalcTest" time="0.119" tests="3" errors="0" skipped="0" failures="3">
  <properties>
    <property name="java.specification.version" value="13"/>
    <property name="sun.cpu.isalist" value="amd64"/>
    <property name="sun.jnu.encoding" value="Cp1252"/>
    <property name="java.class.path" value="C:\Users\Shakib\testingBuffer\borwell\target\test-classes;C:\Users\Shakib\testingBuffer\borwell\target\classes;C:\Users\Shakib\.m2\repository\junit\junit\4.11\junit-4.11.jar;C:\Users\Shakib\.m2\repository\org\hamcrest\hamcrest-core\1.3\hamcrest-core-1.3.jar;"/>
    <property name="java.vm.vendor" value="AdoptOpenJDK"/>
    <property name="sun.arch.data.model" value="64"/>
    <property name="user.variant" value=""/>
    <property name="java.vendor.url" value="https://adoptopenjdk.net/"/>
    <property name="user.timezone" value="Europe/London"/>
    <property name="os.name" value="Windows 10"/>
    <property name="java.vm.specification.version" value="13"/>
    <property name="sun.java.launcher" value="SUN_STANDARD"/>
    <property name="user.country" value="GB"/>
    <property name="sun.boot.library.path" value="C:\Program Files\AdoptOpenJDK\jdk-13.0.2.8-hotspot\bin"/>
    <property name="sun.java.command" value="C:\Users\Shakib\AppData\Local\Temp\surefire9244836416567510715\surefirebooter4291518259961518243.jar C:\Users\Shakib\AppData\Local\Temp\surefire9244836416567510715 2021-11-18T03-04-44_902-jvmRun1 surefire12697317943238198594tmp surefire_010245660271146068898tmp"/>
    <property name="jdk.debug" value="release"/>
    <property name="surefire.test.class.path" value="C:\Users\Shakib\testingBuffer\borwell\target\test-classes;C:\Users\Shakib\testingBuffer\borwell\target\classes;C:\Users\Shakib\.m2\repository\junit\junit\4.11\junit-4.11.jar;C:\Users\Shakib\.m2\repository\org\hamcrest\hamcrest-core\1.3\hamcrest-core-1.3.jar;"/>
    <property name="sun.cpu.endian" value="little"/>
    <property name="user.home" value="C:\Users\Shakib"/>
    <property name="user.language" value="en"/>
    <property name="java.specification.vendor" value="Oracle Corporation"/>
    <property name="java.version.date" value="2020-01-14"/>
    <property name="java.home" value="C:\Program Files\AdoptOpenJDK\jdk-13.0.2.8-hotspot"/>
    <property name="file.separator" value="\"/>
    <property name="basedir" value="C:\Users\Shakib\testingBuffer\borwell"/>
    <property name="java.vm.compressedOopsMode" value="32-bit"/>
    <property name="line.separator" value="&#10;"/>
    <property name="java.vm.specification.vendor" value="Oracle Corporation"/>
    <property name="java.specification.name" value="Java Platform API Specification"/>
    <property name="surefire.real.class.path" value="C:\Users\Shakib\AppData\Local\Temp\surefire9244836416567510715\surefirebooter4291518259961518243.jar"/>
    <property name="user.script" value=""/>
    <property name="sun.management.compiler" value="HotSpot 64-Bit Tiered Compilers"/>
    <property name="java.runtime.version" value="13.0.2+8"/>
    <property name="user.name" value="Shakib"/>
    <property name="path.separator" value=";"/>
    <property name="os.version" value="10.0"/>
    <property name="java.runtime.name" value="OpenJDK Runtime Environment"/>
    <property name="file.encoding" value="Cp1252"/>
    <property name="java.vm.name" value="OpenJDK 64-Bit Server VM"/>
    <property name="java.vendor.version" value="AdoptOpenJDK"/>
    <property name="localRepository" value="C:\Users\Shakib\.m2\repository"/>
    <property name="java.vendor.url.bug" value="https://github.com/AdoptOpenJDK/openjdk-support/issues"/>
    <property name="java.io.tmpdir" value="C:\Users\Shakib\AppData\Local\Temp\"/>
    <property name="java.version" value="13.0.2"/>
    <property name="user.dir" value="C:\Users\Shakib\testingBuffer\borwell"/>
    <property name="os.arch" value="amd64"/>
    <property name="java.vm.specification.name" value="Java Virtual Machine Specification"/>
    <property name="sun.os.patch.level" value=""/>
    <property name="java.library.path" value="C:\Program Files\AdoptOpenJDK\jdk-13.0.2.8-hotspot\bin;C:\WINDOWS\Sun\Java\bin;C:\WINDOWS\system32;C:\WINDOWS;C:\Program Files\AdoptOpenJDK\jdk-13.0.2.8-hotspot\bin;C:\Program Files (x86)\Common Files\Oracle\Java\javapath;C:\WINDOWS\system32;C:\WINDOWS;C:\WINDOWS\System32\Wbem;C:\WINDOWS\System32\WindowsPowerShell\v1.0\;C:\WINDOWS\System32\OpenSSH\;C:\Program Files\Microsoft SQL Server\130\Tools\Binn\;C:\MinGW\bin;C:\Program Files\Git\cmd;C:\Program Files\Docker\Docker\resources\bin;C:\ProgramData\DockerDesktop\version-bin;C:\Program Files\apache-maven-3.8.3\bin;C:\Users\Shakib\AppData\Local\Microsoft\WindowsApps;C:\Users\Shakib\AppData\Local\Programs\MiKTeX\miktex\bin\x64\;C:\Users\Shakib\AppData\Local\Microsoft\WindowsApps;C:\Users\Shakib\AppData\Local\Programs\Microsoft VS Code\bin;C:\Users\Shakib\apache-maven-3.8.1-bin\bin\bin;;."/>
    <property name="java.vm.info" value="mixed mode, sharing"/>
    <property name="java.vendor" value="AdoptOpenJDK"/>
    <property name="java.vm.version" value="13.0.2+8"/>
    <property name="sun.io.unicode.encoding" value="UnicodeLittle"/>
    <property name="java.class.version" value="57.0"/>
  </properties>
  <testcase name="areaTest" classname="com.mycompany.app.PaintCalcTest" time="0.016">
    <failure message="expected:&lt;15.0&gt; but was:&lt;0.0&gt;" type="java.lang.AssertionError"><![CDATA[java.lang.AssertionError: expected:<15.0> but was:<0.0>
	at com.mycompany.app.PaintCalcTest.areaTest(PaintCalcTest.java:13)
]]></failure>
  </testcase>
  <testcase name="volumeTest" classname="com.mycompany.app.PaintCalcTest" time="0.002">
    <failure message="expected:&lt;45.0&gt; but was:&lt;0.0&gt;" type="java.lang.AssertionError"><![CDATA[java.lang.AssertionError: expected:<45.0> but was:<0.0>
	at com.mycompany.app.PaintCalcTest.volumeTest(PaintCalcTest.java:25)
]]></failure>
  </testcase>
  <testcase name="surfaceAreaTest" classname="com.mycompany.app.PaintCalcTest" time="0">
    <failure message="expected:&lt;48.0&gt; but was:&lt;0.0&gt;" type="java.lang.AssertionError"><![CDATA[java.lang.AssertionError: expected:<48.0> but was:<0.0>
	at com.mycompany.app.PaintCalcTest.surfaceAreaTest(PaintCalcTest.java:19)
]]></failure>
  </testcase>
</testsuite>