<?xml version="1.0" encoding="UTF-8"?>
<testsuite xmlns:xsi="http://www.w3.org/2001/XMLSchema-instance" xsi:noNamespaceSchemaLocation="https://maven.apache.org/surefire/maven-surefire-plugin/xsd/surefire-test-report.xsd" name="com.mycompany.app.PaintCalcTest" time="0.119" tests="3" errors="0" skipped="0" failures="3">
  <properties>
[...]
</properties>
  <testcase name="areaTest" classname="com.mycompany.app.PaintCalcTest" time="0.016">
    <failure message="expected:&lt;15.0&gt; but was:&lt;0.0&gt;" type="java.lang.AssertionError"><![CDATA[java.lang.AssertionError: expected:<15.0> but was:<0.0>
	at com.mycompany.app.PaintCalcTest.areaTest(PaintCalcTest.java:13)
]]></failure>
  </testcase>
  <testcase name="volumeTest" classname="com.mycompany.app.PaintCalcTest" time="0.002">
    <failure message="expected:&lt;45.0&gt; but was:&lt;0.0&gt;" type="java.lang.AssertionError"><![CDATA[java.lang.AssertionError: expected:<45.0> but was:<0.0>
	at com.mycompany.app.PaintCalcTest.volumeTest(PaintCalcTest.java:25)
]]></failure>
  </testcase>
  <testcase name="surfaceAreaTest" classname="com.mycompany.app.PaintCalcTest" time="0">
    <failure message="expected:&lt;48.0&gt; but was:&lt;0.0&gt;" type="java.lang.AssertionError"><![CDATA[java.lang.AssertionError: expected:<48.0> but was:<0.0>
	at com.mycompany.app.PaintCalcTest.surfaceAreaTest(PaintCalcTest.java:19)
]]></failure>
  </testcase>
</testsuite>